** Message: environement.vala:58: Exporting primary_variable
** Message: environement.vala:59: desktop_environnement XDG_CURRENT_DESKTOP
** Message: environement.vala:150: confir_dirs is null, export : /etc/xdg
** Message: environement.vala:184: Exporting XDG_CONFIG_DIRS
** Message: environement.vala:218: custom_data :
** Message: environement.vala:219: data_dirs :/usr/local/share:/usr/share/raspi-ui-overrides:/usr/share:/usr/share/gdm:/var/lib/menu-xdg
** Message: environement.vala:220: data_dirs not null, export : /usr/local/share:/usr/share/raspi-ui-overrides:/usr/share:/usr/share/gdm:/var/lib/menu-xdg
** Message: environement.vala:225: Exporting XDG_DATA_DIRS
** Message: utils.vala:138: Config system location : /etc/xdg/lxsession/LXDE-pi
** Message: utils.vala:144: System system path location : /etc/xdg/lxsession/LXDE-pi/desktop.conf
** Message: utils.vala:148: Final file used : /etc/xdg/lxsession/LXDE-pi/desktop.conf
** Message: utils.vala:39: Config system location : /etc/xdg/lxsession/LXDE-pi
** Message: utils.vala:45: System system path location : /etc/xdg/lxsession/LXDE-pi/desktop.conf

** (lxsession:696): WARNING **: utils.vala:70: Adresář nebo soubor neexistuje
** Message: settings.vala:540: Soubor klíče nemá klíč „iGtk/ColorScheme“ ve skupině „GTK“
** Message: settings.vala:540: Soubor klíče nemá klíč „windows_manager/command“ ve skupině „Session“
** Message: settings.vala:540: Soubor klíče nemá klíč „panel/command“ ve skupině „Session“
** Message: settings.vala:540: Soubor klíče nemá klíč „dock/command“ ve skupině „Session“
** Message: settings.vala:540: Soubor klíče nemá klíč „file_manager/command“ ve skupině „Session“
** Message: settings.vala:540: Soubor klíče nemá klíč „desktop_manager/command“ ve skupině „Session“
** Message: settings.vala:540: Soubor klíče nemá klíč „launcher_manager/autostart“ ve skupině „Session“
** Message: settings.vala:540: Soubor klíče nemá klíč „composite_manager/command“ ve skupině „Session“
** Message: settings.vala:540: Soubor klíče nemá klíč „im1/command“ ve skupině „Session“
** Message: settings.vala:540: Soubor klíče nemá klíč „im2/command“ ve skupině „Session“
** Message: settings.vala:540: Soubor klíče nemá klíč „widget1/command“ ve skupině „Session“
** Message: settings.vala:540: Soubor klíče nemá klíč „notification/command“ ve skupině „Session“
** Message: settings.vala:540: Soubor klíče nemá klíč „keybindings/command“ ve skupině „Session“
** Message: settings.vala:540: Soubor klíče nemá klíč „im_manager/command“ ve skupině „Session“
** Message: settings.vala:540: Soubor klíče nemá klíč „screensaver/command“ ve skupině „Session“
** Message: settings.vala:540: Soubor klíče nemá klíč „power_manager/command“ ve skupině „Session“
** Message: settings.vala:540: Soubor klíče nemá klíč „audio_manager/command“ ve skupině „Session“
** Message: settings.vala:540: Soubor klíče nemá klíč „workspace_manager/command“ ve skupině „Session“
** Message: settings.vala:540: Soubor klíče nemá klíč „screenshot_manager/command“ ve skupině „Session“
** Message: settings.vala:540: Soubor klíče nemá klíč „message_manager/command“ ve skupině „Session“
** Message: settings.vala:540: Soubor klíče nemá klíč „upgrade_manager/command“ ve skupině „Session“
** Message: settings.vala:540: Soubor klíče nemá klíč „updates_manager/command“ ve skupině „Session“
** Message: settings.vala:540: Soubor klíče nemá klíč „updates_manager/timeout“ ve skupině „Session“
** Message: settings.vala:540: Soubor klíče nemá klíč „crash_manager/command“ ve skupině „Session“
** Message: settings.vala:540: Soubor klíče nemá klíč „crash_manager/dev_mode“ ve skupině „Session“
** Message: settings.vala:540: Soubor klíče nemá klíč „crash_manager/timeout“ ve skupině „Session“
** Message: settings.vala:540: Soubor klíče nemá klíč „upstart_user_session“ ve skupině „Session“
** Message: settings.vala:540: Soubor klíče nemá klíč „proxy_manager/http“ ve skupině „Session“
** Message: settings.vala:540: Soubor klíče nemá klíč „a11y/command“ ve skupině „Session“
** Message: settings.vala:540: Soubor klíče nemá klíč „xrandr/command“ ve skupině „Session“
** Message: settings.vala:540: Soubor klíče nemá klíč „network_gui/command“ ve skupině „Session“
** Message: settings.vala:540: Soubor klíče nemá klíč „webbrowser/command“ ve skupině „Session“
** Message: settings.vala:540: Soubor klíče nemá klíč „email/command“ ve skupině „Session“
** Message: settings.vala:540: Soubor klíče nemá klíč „pdf_reader/command“ ve skupině „Session“
** Message: settings.vala:540: Soubor klíče nemá klíč „video_player/command“ ve skupině „Session“
** Message: settings.vala:540: Soubor klíče nemá klíč „audio_player/command“ ve skupině „Session“
** Message: settings.vala:540: Soubor klíče nemá klíč „images_display/command“ ve skupině „Session“
** Message: settings.vala:540: Soubor klíče nemá klíč „text_editor/command“ ve skupině „Session“
** Message: settings.vala:540: Soubor klíče nemá klíč „archive/command“ ve skupině „Session“
** Message: settings.vala:540: Soubor klíče nemá klíč „charmap/command“ ve skupině „Session“
** Message: settings.vala:540: Soubor klíče nemá klíč „calculator/command“ ve skupině „Session“
** Message: settings.vala:540: Soubor klíče nemá klíč „spreadsheet/command“ ve skupině „Session“
** Message: settings.vala:540: Soubor klíče nemá klíč „bittorent/command“ ve skupině „Session“
** Message: settings.vala:540: Soubor klíče nemá klíč „document/command“ ve skupině „Session“
** Message: settings.vala:540: Soubor klíče nemá klíč „webcam/command“ ve skupině „Session“
** Message: settings.vala:540: Soubor klíče nemá klíč „burn/command“ ve skupině „Session“
** Message: settings.vala:540: Soubor klíče nemá klíč „notes/command“ ve skupině „Session“
** Message: settings.vala:540: Soubor klíče nemá klíč „disk_utility/command“ ve skupině „Session“
** Message: settings.vala:540: Soubor klíče nemá klíč „tasks/command“ ve skupině „Session“
** Message: settings.vala:540: Soubor klíče nemá skupinu „Keymap“
** Message: settings.vala:540: Soubor klíče nemá klíč „laptop_mode“ ve skupině „State“
** Message: settings.vala:540: Soubor klíče nemá klíč „gnome“ ve skupině „Dbus“
** Message: settings.vala:540: Soubor klíče nemá klíč „type“ ve skupině „Environment“
** Message: settings.vala:540: Soubor klíče nemá klíč „ubuntu_menuproxy“ ve skupině „Environment“
** Message: settings.vala:540: Soubor klíče nemá klíč „toolkit_integration“ ve skupině „Environment“
** Message: settings.vala:540: Soubor klíče nemá klíč „gtk/overlay_scrollbar_disable“ ve skupině „Environment“
** Message: settings.vala:540: Soubor klíče nemá klíč „qt/force_theme“ ve skupině „Environment“
** Message: settings.vala:540: Soubor klíče nemá klíč „qt/platform“ ve skupině „Environment“
** Message: settings.vala:462: Monitoring: /etc/xdg/lxsession/LXDE-pi/desktop.conf
** Message: settings.vala:470: Desktop file is not in config home, monitoring creation of it
** Message: settings.vala:485: Monitoring home path: /home/pi/.config/lxsession/LXDE-pi/desktop.conf
** Message: environement.vala:79: Exporting variable
** Message: environement.vala:80: desktop_environnement XDG_CURRENT_DESKTOP
** Message: environement.vala:177: custom_config :
** Message: environement.vala:178: config_dirs :/etc/xdg
** Message: environement.vala:179: confir_dirs not null, export : /etc/xdg
** Message: environement.vala:184: Exporting XDG_CONFIG_DIRS
** Message: environement.vala:218: custom_data :
** Message: environement.vala:219: data_dirs :/usr/local/share:/usr/share/raspi-ui-overrides:/usr/share:/usr/share/gdm:/var/lib/menu-xdg
** Message: environement.vala:220: data_dirs not null, export : /usr/local/share:/usr/share/raspi-ui-overrides:/usr/share:/usr/share/gdm:/var/lib/menu-xdg
** Message: environement.vala:225: Exporting XDG_DATA_DIRS
** Message: utils.vala:39: Config system location : /etc/xdg/lxsession/LXDE-pi
** Message: utils.vala:45: System system path location : /etc/xdg/lxsession/LXDE-pi/desktop.conf

** (lxsession:696): WARNING **: utils.vala:70: Adresář nebo soubor neexistuje
** Message: environement.vala:254: No entry in [Environment_variable]. Soubor klíče nemá skupinu „Environment_variable“
** Message: utils.vala:138: Config system location : /etc/xdg/lxsession/LXDE-pi
** Message: utils.vala:144: System system path location : /etc/xdg/lxsession/LXDE-pi/conffiles.conf
** Message: utils.vala:148: Final file used : /etc/xdg/lxsession/LXDE-pi/conffiles.conf
** Message: options.vala:164: Activate xsettings_manager build-in
** Message: utils.vala:39: Config system location : /etc/xdg/lxsession/LXDE-pi
** Message: utils.vala:45: System system path location : /etc/xdg/lxsession/LXDE-pi/desktop.conf

** (lxsession:696): WARNING **: utils.vala:70: Adresář nebo soubor neexistuje
xprop:  no such property "_NET_NUMBER_OF_DESKTOPS"
xprop:  no such property "_NET_DESKTOP_NAMES"
** Message: app.vala:721: polkit separate
** Message: app.vala:721: polkit separate
** Message: app.vala:76: Launching lxpolkit 
** Message: utils.vala:138: Config system location : /etc/xdg/lxsession/LXDE-pi
** Message: utils.vala:144: System system path location : /etc/xdg/lxsession/LXDE-pi/autostart
** Message: utils.vala:148: Final file used : /etc/xdg/lxsession/LXDE-pi/autostart
** Message: autostart.vala:42: Autostart path : /etc/xdg/lxsession/LXDE-pi/autostart
** Message: app.vala:76: Launching lxpanel 
** Message: app.vala:76: Launching pcmanfm 

** (lxsession:696): WARNING **: app.vala:86: Nelze spustit proces potomka „xscreensaver“ (Adresář nebo soubor neexistuje)

** (lxsession:696): WARNING **: app.vala:87: Error when launching xscreensaver
** Message: app.vala:76: Launching point-rpi 
** Message: options.vala:107: Create build-in Clipboard
** Message: main.vala:442: Check keymap_mode (null)
** Message: app.vala:76: Launching /usr/bin/ssh-agent 
SSH_AUTH_SOCK=/tmp/ssh-bHLT69wznrB2/agent.852; export SSH_AUTH_SOCK;
SSH_AGENT_PID=854; export SSH_AGENT_PID;
echo Agent pid 854;
** Message: x-terminal-emulator has very limited support, consider choose another terminal
** Message: app.vala:130: point-rpi exit with this type of exit: 0
** Message: app.vala:130: /usr/bin/ssh-agent exit with this type of exit: 0
** Message: x-terminal-emulator has very limited support, consider choose another terminal
Openbox-Message: Nepodařilo se najít platný soubor nabídky "/usr/share/lxde/openbox/menu.xml"
** Message: Connecting ...
** Message: Status changed to down

** (lxpanel:846): CRITICAL **: dhcpcd_open: Pro toto zařízení nevhodné ioctl
Unit pt-device-manager.service could not be found.

** (lxpanel:846): WARNING **: Battery 0 not found

** (lxpanel:846): WARNING **: lxpanel: can't load ptbatt plugin
** Message: bt: Name org.bluez unowned on DBus
** Message: va: Name org.bluez unowned on DBus
** Message: Status changed to opened
** Message: Connected to dhcpcd-6.11.5
** Message: Status changed to connected
** Message: eth0: CARRIER
** Message: eth0: Configured 192.168.0.31/24
** Message: eth0: Configured 2a02:8308:703c:9100:d507:ee9:f822:9ca0/64
